<?xml version="1.0" encoding="UTF-8"?>
<!-- Generated by org.testng.reporters.JUnitXMLReporter -->
<testsuite hostname="DESKTOP-8QTLCQR" ignored="0" name="Default test" tests="5" failures="0" timestamp="28 Jul 2021 11:46:02 GMT" time="38.405" errors="0">
  <testcase name="add" time="6.212" classname="testing.com.PranithSelenium.TestDemo"/>
  <testcase name="divide" time="5.713" classname="testing.com.PranithSelenium.TestDemo"/>
  <testcase name="divideWith0" time="5.957" classname="testing.com.PranithSelenium.TestDemo"/>
  <testcase name="multiply" time="5.626" classname="testing.com.PranithSelenium.TestDemo"/>
  <testcase name="substract" time="5.556" classname="testing.com.PranithSelenium.TestDemo"/>
</testsuite> <!-- Default test -->
